<?xml version="1.0" encoding="UTF-8"?>
<testng-results ignored="0" total="1" passed="1" failed="0" skipped="0">
  <reporter-output>
  </reporter-output>
  <suite started-at="2020-10-03T04:59:05Z" name="Default suite" finished-at="2020-10-03T04:59:15Z" duration-ms="9659">
    <groups>
      <group name="cucumber">
        <method signature="AbstractTestNGCucumberTests.feature(cucumber.api.testng.CucumberFeatureWrapper)[pri:0, instance:cucumber4.testrunner@44a59da3]" name="feature" class="cucumber.api.testng.AbstractTestNGCucumberTests"/>
      </group> <!-- cucumber -->
    </groups>
    <test started-at="2020-10-03T04:59:05Z" name="Default test" finished-at="2020-10-03T04:59:15Z" duration-ms="9659">
      <class name="cucumber4.testrunner">
        <test-method is-config="true" signature="setUpClass()[pri:0, instance:cucumber4.testrunner@44a59da3]" started-at="2020-10-03T04:59:05Z" name="setUpClass" finished-at="2020-10-03T04:59:05Z" duration-ms="344" status="PASS">
          <reporter-output>
          </reporter-output>
        </test-method> <!-- setUpClass -->
        <test-method signature="feature(cucumber.api.testng.CucumberFeatureWrapper)[pri:0, instance:cucumber4.testrunner@44a59da3]" started-at="2020-10-03T04:59:05Z" name="feature" description="Runs Cucumber Feature" data-provider="features" finished-at="2020-10-03T04:59:15Z" duration-ms="9103" status="PASS">
          <params>
            <param index="0">
              <value>
                <![CDATA[login]]>
              </value>
            </param>
          </params>
          <reporter-output>
          </reporter-output>
        </test-method> <!-- feature -->
        <test-method is-config="true" signature="tearDownClass()[pri:0, instance:cucumber4.testrunner@44a59da3]" started-at="2020-10-03T04:59:15Z" name="tearDownClass" finished-at="2020-10-03T04:59:15Z" duration-ms="33" status="PASS">
          <reporter-output>
          </reporter-output>
        </test-method> <!-- tearDownClass -->
      </class> <!-- cucumber4.testrunner -->
    </test> <!-- Default test -->
  </suite> <!-- Default suite -->
</testng-results>
